#
# There is insufficient memory for the Java Runtime Environment to continue.
# Native memory allocation (malloc) failed to allocate 2012016 bytes for Chunk::new
# Possible reasons:
#   The system is out of physical RAM or swap space
#   The process is running with CompressedOops enabled, and the Java Heap may be blocking the growth of the native heap
# Possible solutions:
#   Reduce memory load on the system
#   Increase physical memory or swap space
#   Check if swap backing store is full
#   Decrease Java heap size (-Xmx/-Xms)
#   Decrease number of Java threads
#   Decrease Java thread stack sizes (-Xss)
#   Set larger code cache with -XX:ReservedCodeCacheSize=
#   JVM is running with Unscaled Compressed Oops mode in which the Java heap is
#     placed in the first 4GB address space. The Java Heap base address is the
#     maximum limit for the native heap growth. Please use -XX:HeapBaseMinAddress
#     to set the Java Heap base and to place the Java Heap above 4GB virtual address.
# This output file may be truncated or incomplete.
#
#  Out of Memory Error (./src/hotspot/share/memory/arena.cpp:197), pid=4972, tid=4564
#
# JRE version: OpenJDK Runtime Environment (11.0.10) (build 11.0.10+0-b96-7249189)
# Java VM: OpenJDK 64-Bit Server VM (11.0.10+0-b96-7249189, mixed mode, tiered, compressed oops, g1 gc, windows-amd64)
# No core dump will be written. Minidumps are not enabled by default on client versions of Windows
#

---------------  S U M M A R Y ------------

Command Line: --add-opens=java.base/java.util=ALL-UNNAMED --add-opens=java.base/java.lang=ALL-UNNAMED --add-opens=java.base/java.lang.invoke=ALL-UNNAMED --add-opens=java.base/java.util=ALL-UNNAMED --add-opens=java.prefs/java.util.prefs=ALL-UNNAMED --add-opens=java.prefs/java.util.prefs=ALL-UNNAMED --add-opens=java.base/java.nio.charset=ALL-UNNAMED --add-opens=java.base/java.net=ALL-UNNAMED --add-opens=java.base/java.util.concurrent.atomic=ALL-UNNAMED -Xmx2048m -Dfile.encoding=UTF-8 -Duser.country=GB -Duser.language=en -Duser.variant org.gradle.launcher.daemon.bootstrap.GradleDaemon 7.0.2

Host: Intel(R) Core(TM) i5-2410M CPU @ 2.30GHz, 4 cores, 7G,  Windows 10 , 64 bit Build 19041 (10.0.19041.1645)
Time: Wed Apr 27 13:45:01 2022 SE Asia Standard Time elapsed time: 438.630712 seconds (0d 0h 7m 18s)

---------------  T H R E A D  ---------------

Current thread (0x0000019c24620000):  JavaThread "C2 CompilerThread1" daemon [_thread_in_native, id=4564, stack(0x00000067b4a00000,0x00000067b4b00000)]


Current CompileTask:
C2: 438630 15461       4       org.apache.xerces.impl.XMLNSDocumentScannerImpl::scanEndElement (190 bytes)

Stack: [0x00000067b4a00000,0x00000067b4b00000]
Native frames: (J=compiled Java code, j=interpreted, Vv=VM code, C=native code)
V  [jvm.dll+0x5ecfaa]
V  [jvm.dll+0x722bd5]
V  [jvm.dll+0x72412d]
V  [jvm.dll+0x7247e3]
V  [jvm.dll+0x242928]
V  [jvm.dll+0xbc4fc]
V  [jvm.dll+0xbca0c]
V  [jvm.dll+0x352d3b]
V  [jvm.dll+0x320ad3]
V  [jvm.dll+0x31ffca]
V  [jvm.dll+0x1fb602]
V  [jvm.dll+0x1fa7f4]
V  [jvm.dll+0x18354c]
V  [jvm.dll+0x208ee7]
V  [jvm.dll+0x207731]
V  [jvm.dll+0x6eb1cf]
V  [jvm.dll+0x6e3d45]
V  [jvm.dll+0x5ebe96]
C  [ucrtbase.dll+0x21bb2]
C  [KERNEL32.DLL+0x17034]
C  [ntdll.dll+0x52651]


---------------  P R O C E S S  ---------------

Threads class SMR info:
_java_thread_list=0x0000019c23b7e9f0, length=50, elements={
0x0000019c7fa51000, 0x0000019c1b6c3000, 0x0000019c1b6c4800, 0x0000019c1b6db000,
0x0000019c1b6dc000, 0x0000019c1b6dd800, 0x0000019c1b6e1000, 0x0000019c1b6ee800,
0x0000019c1b70c000, 0x0000019c1c1a9800, 0x0000019c1e41d000, 0x0000019c1d0b2800,
0x0000019c1d884000, 0x0000019c1dbba000, 0x0000019c1dbbc000, 0x0000019c1dbb8800,
0x0000019c1dbbb000, 0x0000019c1dbbd800, 0x0000019c1dbb7800, 0x0000019c1dbbe800,
0x0000019c1ce0c000, 0x0000019c1ce07800, 0x0000019c1ce0e000, 0x0000019c1ce0a000,
0x0000019c2200a800, 0x0000019c1dbbc800, 0x0000019c1dbb9800, 0x0000019c2200c800,
0x0000019c2200d800, 0x0000019c2200f000, 0x0000019c2200c000, 0x0000019c2200b000,
0x0000019c2200e800, 0x0000019c22013800, 0x0000019c22015000, 0x0000019c22014000,
0x0000019c22016800, 0x0000019c22012800, 0x0000019c22011000, 0x0000019c22011800,
0x0000019c22017800, 0x0000019c22018000, 0x0000019c1ce0d800, 0x0000019c1ce08800,
0x0000019c1ce09800, 0x0000019c2461c000, 0x0000019c2461d000, 0x0000019c24621000,
0x0000019c2461d800, 0x0000019c24620000
}

Java Threads: ( => current thread )
  0x0000019c7fa51000 JavaThread "main" [_thread_blocked, id=11580, stack(0x00000067b2f00000,0x00000067b3000000)]
  0x0000019c1b6c3000 JavaThread "Reference Handler" daemon [_thread_blocked, id=14036, stack(0x00000067b3600000,0x00000067b3700000)]
  0x0000019c1b6c4800 JavaThread "Finalizer" daemon [_thread_blocked, id=8632, stack(0x00000067b3700000,0x00000067b3800000)]
  0x0000019c1b6db000 JavaThread "Signal Dispatcher" daemon [_thread_blocked, id=3400, stack(0x00000067b3800000,0x00000067b3900000)]
  0x0000019c1b6dc000 JavaThread "Attach Listener" daemon [_thread_blocked, id=10632, stack(0x00000067b3900000,0x00000067b3a00000)]
  0x0000019c1b6dd800 JavaThread "Service Thread" daemon [_thread_blocked, id=7816, stack(0x00000067b3a00000,0x00000067b3b00000)]
  0x0000019c1b6e1000 JavaThread "C2 CompilerThread0" daemon [_thread_in_native, id=6300, stack(0x00000067b3b00000,0x00000067b3c00000)]
  0x0000019c1b6ee800 JavaThread "C1 CompilerThread0" daemon [_thread_blocked, id=8156, stack(0x00000067b3c00000,0x00000067b3d00000)]
  0x0000019c1b70c000 JavaThread "Sweeper thread" daemon [_thread_blocked, id=7840, stack(0x00000067b3d00000,0x00000067b3e00000)]
  0x0000019c1c1a9800 JavaThread "Common-Cleaner" daemon [_thread_blocked, id=10156, stack(0x00000067b3e00000,0x00000067b3f00000)]
  0x0000019c1e41d000 JavaThread "Daemon health stats" [_thread_blocked, id=10868, stack(0x00000067b4300000,0x00000067b4400000)]
  0x0000019c1d0b2800 JavaThread "Incoming local TCP Connector on port 50991" [_thread_in_native, id=488, stack(0x00000067b4000000,0x00000067b4100000)]
  0x0000019c1d884000 JavaThread "Daemon periodic checks" [_thread_blocked, id=13676, stack(0x00000067b4400000,0x00000067b4500000)]
  0x0000019c1dbba000 JavaThread "Cache worker for file hash cache (C:\Users\Eddo Yulianda\.gradle\caches\7.0.2\fileHashes)" [_thread_blocked, id=13308, stack(0x00000067b4d00000,0x00000067b4e00000)]
  0x0000019c1dbbc000 JavaThread "File lock request listener" [_thread_in_native, id=5556, stack(0x00000067b4e00000,0x00000067b4f00000)]
  0x0000019c1dbb8800 JavaThread "Cache worker for journal cache (C:\Users\Eddo Yulianda\.gradle\caches\journal-1)" [_thread_blocked, id=1544, stack(0x00000067b4f00000,0x00000067b5000000)]
  0x0000019c1dbbb000 JavaThread "File watcher server" daemon [_thread_in_native, id=12304, stack(0x00000067b5200000,0x00000067b5300000)]
  0x0000019c1dbbd800 JavaThread "File watcher consumer" daemon [_thread_blocked, id=6252, stack(0x00000067b5300000,0x00000067b5400000)]
  0x0000019c1dbb7800 JavaThread "jar transforms" [_thread_blocked, id=5128, stack(0x00000067b5400000,0x00000067b5500000)]
  0x0000019c1dbbe800 JavaThread "jar transforms Thread 2" [_thread_blocked, id=11236, stack(0x00000067b5500000,0x00000067b5600000)]
  0x0000019c1ce0c000 JavaThread "jar transforms Thread 3" [_thread_blocked, id=7988, stack(0x00000067b5600000,0x00000067b5700000)]
  0x0000019c1ce07800 JavaThread "jar transforms Thread 4" [_thread_blocked, id=3564, stack(0x00000067b5700000,0x00000067b5800000)]
  0x0000019c1ce0e000 JavaThread "Cache worker for execution history cache (C:\Users\Eddo Yulianda\.gradle\caches\7.0.2\executionHistory)" [_thread_blocked, id=5996, stack(0x00000067b5900000,0x00000067b5a00000)]
  0x0000019c1ce0a000 JavaThread "Cache worker for file content cache (C:\Users\Eddo Yulianda\.gradle\caches\7.0.2\fileContent)" [_thread_blocked, id=13224, stack(0x00000067b5c00000,0x00000067b5d00000)]
  0x0000019c2200a800 JavaThread "Memory manager" [_thread_blocked, id=2932, stack(0x00000067b6300000,0x00000067b6400000)]
  0x0000019c1dbbc800 JavaThread "Daemon Thread 3" [_thread_blocked, id=13876, stack(0x00000067b2c00000,0x00000067b2d00000)]
  0x0000019c1dbb9800 JavaThread "Handler for socket connection from /127.0.0.1:50991 to /127.0.0.1:62462" [_thread_in_native, id=4896, stack(0x00000067b2d00000,0x00000067b2e00000)]
  0x0000019c2200c800 JavaThread "Cancel handler" [_thread_blocked, id=2380, stack(0x00000067b2e00000,0x00000067b2f00000)]
  0x0000019c2200d800 JavaThread "Daemon worker Thread 3" [_thread_blocked, id=12120, stack(0x00000067b4500000,0x00000067b4600000)]
  0x0000019c2200f000 JavaThread "Asynchronous log dispatcher for DefaultDaemonConnection: socket connection from /127.0.0.1:50991 to /127.0.0.1:62462" [_thread_blocked, id=244, stack(0x00000067b4600000,0x00000067b4700000)]
  0x0000019c2200c000 JavaThread "Stdin handler" [_thread_blocked, id=4428, stack(0x00000067b4700000,0x00000067b4800000)]
  0x0000019c2200b000 JavaThread "Daemon client event forwarder" [_thread_blocked, id=2420, stack(0x00000067b4800000,0x00000067b4900000)]
  0x0000019c2200e800 JavaThread "Cache worker for file hash cache (C:\Users\Eddo Yulianda\AndroidStudioProjects\PresensiOnlineTIPNP\.gradle\7.0.2\fileHashes)" [_thread_blocked, id=13988, stack(0x00000067b4900000,0x00000067b4a00000)]
  0x0000019c22013800 JavaThread "Cache worker for checksums cache (C:\Users\Eddo Yulianda\AndroidStudioProjects\PresensiOnlineTIPNP\.gradle\checksums)" [_thread_blocked, id=1132, stack(0x00000067b4b00000,0x00000067b4c00000)]
  0x0000019c22015000 JavaThread "Cache worker for cache directory md-supplier (C:\Users\Eddo Yulianda\.gradle\caches\7.0.2\md-supplier)" [_thread_blocked, id=11064, stack(0x00000067b5000000,0x00000067b5100000)]
  0x0000019c22014000 JavaThread "Cache worker for cache directory md-rule (C:\Users\Eddo Yulianda\.gradle\caches\7.0.2\md-rule)" [_thread_blocked, id=5008, stack(0x00000067b5100000,0x00000067b5200000)]
  0x0000019c22016800 JavaThread "Cache worker for dependencies-accessors (C:\Users\Eddo Yulianda\AndroidStudioProjects\PresensiOnlineTIPNP\.gradle\7.0.2\dependencies-accessors)" [_thread_blocked, id=12916, stack(0x00000067b5800000,0x00000067b5900000)]
  0x0000019c22012800 JavaThread "Cache worker for Build Output Cleanup Cache (C:\Users\Eddo Yulianda\AndroidStudioProjects\PresensiOnlineTIPNP\.gradle\buildOutputCleanup)" [_thread_blocked, id=8580, stack(0x00000067b5a00000,0x00000067b5b00000)]
  0x0000019c22011000 JavaThread "Build operations" [_thread_blocked, id=12088, stack(0x00000067b5d00000,0x00000067b5e00000)]
  0x0000019c22011800 JavaThread "Build operations Thread 2" [_thread_blocked, id=5628, stack(0x00000067b5e00000,0x00000067b5f00000)]
  0x0000019c22017800 JavaThread "Build operations Thread 3" [_thread_blocked, id=14168, stack(0x00000067b5f00000,0x00000067b6000000)]
  0x0000019c22018000 JavaThread "Build operations Thread 4" [_thread_blocked, id=2092, stack(0x00000067b6000000,0x00000067b6100000)]
  0x0000019c1ce0d800 JavaThread "build event listener" [_thread_blocked, id=3184, stack(0x00000067b6100000,0x00000067b6200000)]
  0x0000019c1ce08800 JavaThread "Execution worker for ':'" [_thread_in_Java, id=6656, stack(0x00000067b6200000,0x00000067b6300000)]
  0x0000019c1ce09800 JavaThread "Execution worker for ':' Thread 2" [_thread_blocked, id=1408, stack(0x00000067b6500000,0x00000067b6600000)]
  0x0000019c2461c000 JavaThread "Execution worker for ':' Thread 3" [_thread_blocked, id=2632, stack(0x00000067b6600000,0x00000067b6700000)]
  0x0000019c2461d000 JavaThread "Cache worker for execution history cache (C:\Users\Eddo Yulianda\AndroidStudioProjects\PresensiOnlineTIPNP\.gradle\7.0.2\executionHistory)" [_thread_blocked, id=1860, stack(0x00000067b6700000,0x00000067b6800000)]
  0x0000019c24621000 JavaThread "WorkerExecutor Queue" [_thread_blocked, id=2192, stack(0x00000067b6800000,0x00000067b6900000)]
  0x0000019c2461d800 JavaThread "WorkerExecutor Queue Thread 2" [_thread_blocked, id=10816, stack(0x00000067b6900000,0x00000067b6a00000)]
=>0x0000019c24620000 JavaThread "C2 CompilerThread1" daemon [_thread_in_native, id=4564, stack(0x00000067b4a00000,0x00000067b4b00000)]

Other Threads:
  0x0000019c1b6bd000 VMThread "VM Thread" [stack: 0x00000067b3500000,0x00000067b3600000] [id=11640]
  0x0000019c1c1d6000 WatcherThread [stack: 0x00000067b3f00000,0x00000067b4000000] [id=9420]
  0x0000019c7fa68000 GCTaskThread "GC Thread#0" [stack: 0x00000067b3000000,0x00000067b3100000] [id=4688]
  0x0000019c1cbb2800 GCTaskThread "GC Thread#1" [stack: 0x00000067b4100000,0x00000067b4200000] [id=12212]
  0x0000019c1cb1e000 GCTaskThread "GC Thread#2" [stack: 0x00000067b4200000,0x00000067b4300000] [id=6108]
  0x0000019c1cebe000 GCTaskThread "GC Thread#3" [stack: 0x00000067b4c00000,0x00000067b4d00000] [id=12892]
  0x0000019c7fa99000 ConcurrentGCThread "G1 Main Marker" [stack: 0x00000067b3100000,0x00000067b3200000] [id=11000]
  0x0000019c7fa9b800 ConcurrentGCThread "G1 Conc#0" [stack: 0x00000067b3200000,0x00000067b3300000] [id=10472]
  0x0000019c7fb2b000 ConcurrentGCThread "G1 Refine#0" [stack: 0x00000067b3300000,0x00000067b3400000] [id=12132]
  0x0000019c7fb2c800 ConcurrentGCThread "G1 Young RemSet Sampling" [stack: 0x00000067b3400000,0x00000067b3500000] [id=13420]

Threads with active compile tasks:
C2 CompilerThread0 438744 15469       4       javax.lang.model.SourceVersion::isKeyword (1616 bytes)
C2 CompilerThread1 438744 15461       4       org.apache.xerces.impl.XMLNSDocumentScannerImpl::scanEndElement (190 bytes)

VM state:not at safepoint (normal execution)

VM Mutex/Monitor currently owned by a thread: None

Heap address: 0x0000000080000000, size: 2048 MB, Compressed Oops mode: 32-bit
Narrow klass base: 0x0000000000000000, Narrow klass shift: 3
Compressed class space size: 1073741824 Address: 0x0000000100000000

Heap:
 garbage-first heap   total 225280K, used 182029K [0x0000000080000000, 0x0000000100000000)
  region size 1024K, 58 young (59392K), 5 survivors (5120K)
 Metaspace       used 110972K, capacity 114235K, committed 114660K, reserved 1148928K
  class space    used 14105K, capacity 15198K, committed 15360K, reserved 1048576K
Heap Regions: E=young(eden), S=young(survivor), O=old, HS=humongous(starts), HC=humongous(continues), CS=collection set, F=free, A=archive, TAMS=top-at-mark-start (previous, next)
|   0|0x0000000080000000, 0x0000000080100000, 0x0000000080100000|100%|HS|  |TAMS 0x0000000080100000, 0x0000000080000000| Complete 
|   1|0x0000000080100000, 0x0000000080200000, 0x0000000080200000|100%|HC|  |TAMS 0x0000000080200000, 0x0000000080100000| Complete 
|   2|0x0000000080200000, 0x0000000080300000, 0x0000000080300000|100%|HC|  |TAMS 0x0000000080300000, 0x0000000080200000| Complete 
|   3|0x0000000080300000, 0x0000000080400000, 0x0000000080400000|100%| O|  |TAMS 0x0000000080400000, 0x0000000080300000| Untracked 
|   4|0x0000000080400000, 0x0000000080500000, 0x0000000080500000|100%| O|  |TAMS 0x0000000080500000, 0x0000000080400000| Untracked 
|   5|0x0000000080500000, 0x0000000080600000, 0x0000000080600000|100%| O|  |TAMS 0x0000000080600000, 0x0000000080500000| Untracked 
|   6|0x0000000080600000, 0x0000000080700000, 0x0000000080700000|100%| O|  |TAMS 0x0000000080700000, 0x0000000080600000| Untracked 
|   7|0x0000000080700000, 0x0000000080800000, 0x0000000080800000|100%| O|  |TAMS 0x0000000080800000, 0x0000000080700000| Untracked 
|   8|0x0000000080800000, 0x0000000080900000, 0x0000000080900000|100%| O|  |TAMS 0x0000000080900000, 0x0000000080800000| Untracked 
|   9|0x0000000080900000, 0x0000000080a00000, 0x0000000080a00000|100%| O|  |TAMS 0x0000000080a00000, 0x0000000080900000| Untracked 
|  10|0x0000000080a00000, 0x0000000080b00000, 0x0000000080b00000|100%| O|  |TAMS 0x0000000080b00000, 0x0000000080a00000| Complete 
|  11|0x0000000080b00000, 0x0000000080c00000, 0x0000000080c00000|100%| O|  |TAMS 0x0000000080c00000, 0x0000000080b00000| Complete 
|  12|0x0000000080c00000, 0x0000000080d00000, 0x0000000080d00000|100%| O|  |TAMS 0x0000000080d00000, 0x0000000080c00000| Complete 
|  13|0x0000000080d00000, 0x0000000080e00000, 0x0000000080e00000|100%| O|  |TAMS 0x0000000080e00000, 0x0000000080d00000| Untracked 
|  14|0x0000000080e00000, 0x0000000080f00000, 0x0000000080f00000|100%|HS|  |TAMS 0x0000000080f00000, 0x0000000080e00000| Complete 
|  15|0x0000000080f00000, 0x0000000081000000, 0x0000000081000000|100%|HC|  |TAMS 0x0000000081000000, 0x0000000080f00000| Complete 
|  16|0x0000000081000000, 0x0000000081100000, 0x0000000081100000|100%|HS|  |TAMS 0x0000000081100000, 0x0000000081000000| Complete 
|  17|0x0000000081100000, 0x0000000081200000, 0x0000000081200000|100%|HC|  |TAMS 0x0000000081200000, 0x0000000081100000| Complete 
|  18|0x0000000081200000, 0x0000000081300000, 0x0000000081300000|100%|HC|  |TAMS 0x0000000081300000, 0x0000000081200000| Complete 
|  19|0x0000000081300000, 0x0000000081400000, 0x0000000081400000|100%|HS|  |TAMS 0x0000000081400000, 0x0000000081300000| Complete 
|  20|0x0000000081400000, 0x0000000081500000, 0x0000000081500000|100%|HC|  |TAMS 0x0000000081500000, 0x0000000081400000| Complete 
|  21|0x0000000081500000, 0x0000000081600000, 0x0000000081600000|100%|HC|  |TAMS 0x0000000081600000, 0x0000000081500000| Complete 
|  22|0x0000000081600000, 0x0000000081700000, 0x0000000081700000|100%|HC|  |TAMS 0x0000000081700000, 0x0000000081600000| Complete 
|  23|0x0000000081700000, 0x0000000081800000, 0x0000000081800000|100%|HC|  |TAMS 0x0000000081800000, 0x0000000081700000| Complete 
|  24|0x0000000081800000, 0x0000000081900000, 0x0000000081900000|100%| O|  |TAMS 0x0000000081900000, 0x0000000081800000| Untracked 
|  25|0x0000000081900000, 0x0000000081a00000, 0x0000000081a00000|100%| O|  |TAMS 0x0000000081a00000, 0x0000000081900000| Untracked 
|  26|0x0000000081a00000, 0x0000000081b00000, 0x0000000081b00000|100%| O|  |TAMS 0x0000000081b00000, 0x0000000081a00000| Complete 
|  27|0x0000000081b00000, 0x0000000081c00000, 0x0000000081c00000|100%| O|  |TAMS 0x0000000081c00000, 0x0000000081b00000| Untracked 
|  28|0x0000000081c00000, 0x0000000081d00000, 0x0000000081d00000|100%| O|  |TAMS 0x0000000081d00000, 0x0000000081c00000| Untracked 
|  29|0x0000000081d00000, 0x0000000081e00000, 0x0000000081e00000|100%| O|  |TAMS 0x0000000081e00000, 0x0000000081d00000| Untracked 
|  30|0x0000000081e00000, 0x0000000081f00000, 0x0000000081f00000|100%| O|  |TAMS 0x0000000081f00000, 0x0000000081e00000| Complete 
|  31|0x0000000081f00000, 0x0000000082000000, 0x0000000082000000|100%| O|  |TAMS 0x0000000082000000, 0x0000000081f00000| Untracked 
|  32|0x0000000082000000, 0x0000000082100000, 0x0000000082100000|100%| O|  |TAMS 0x0000000082100000, 0x0000000082000000| Complete 
|  33|0x0000000082100000, 0x0000000082200000, 0x0000000082200000|100%|HS|  |TAMS 0x0000000082200000, 0x0000000082100000| Complete 
|  34|0x0000000082200000, 0x0000000082300000, 0x0000000082300000|100%|HC|  |TAMS 0x0000000082300000, 0x0000000082200000| Complete 
|  35|0x0000000082300000, 0x0000000082400000, 0x0000000082400000|100%|HC|  |TAMS 0x0000000082400000, 0x0000000082300000| Complete 
|  36|0x0000000082400000, 0x0000000082500000, 0x0000000082500000|100%|HC|  |TAMS 0x0000000082500000, 0x0000000082400000| Complete 
|  37|0x0000000082500000, 0x0000000082600000, 0x0000000082600000|100%|HC|  |TAMS 0x0000000082600000, 0x0000000082500000| Complete 
|  38|0x0000000082600000, 0x0000000082700000, 0x0000000082700000|100%|HS|  |TAMS 0x0000000082700000, 0x0000000082600000| Complete 
|  39|0x0000000082700000, 0x0000000082800000, 0x0000000082800000|100%|HC|  |TAMS 0x0000000082800000, 0x0000000082700000| Complete 
|  40|0x0000000082800000, 0x0000000082900000, 0x0000000082900000|100%|HC|  |TAMS 0x0000000082900000, 0x0000000082800000| Complete 
|  41|0x0000000082900000, 0x0000000082a00000, 0x0000000082a00000|100%| O|  |TAMS 0x0000000082a00000, 0x0000000082900000| Untracked 
|  42|0x0000000082a00000, 0x0000000082b00000, 0x0000000082b00000|100%| O|  |TAMS 0x0000000082b00000, 0x0000000082a00000| Untracked 
|  43|0x0000000082b00000, 0x0000000082c00000, 0x0000000082c00000|100%| O|  |TAMS 0x0000000082c00000, 0x0000000082b00000| Untracked 
|  44|0x0000000082c00000, 0x0000000082d00000, 0x0000000082d00000|100%| O|  |TAMS 0x0000000082d00000, 0x0000000082c00000| Untracked 
|  45|0x0000000082d00000, 0x0000000082e00000, 0x0000000082e00000|100%| O|  |TAMS 0x0000000082e00000, 0x0000000082d00000| Untracked 
|  46|0x0000000082e00000, 0x0000000082f00000, 0x0000000082f00000|100%| O|  |TAMS 0x0000000082f00000, 0x0000000082e00000| Untracked 
|  47|0x0000000082f00000, 0x0000000083000000, 0x0000000083000000|100%| O|  |TAMS 0x0000000083000000, 0x0000000082f00000| Untracked 
|  48|0x0000000083000000, 0x0000000083100000, 0x0000000083100000|100%| O|  |TAMS 0x0000000083100000, 0x0000000083000000| Untracked 
|  49|0x0000000083100000, 0x0000000083200000, 0x0000000083200000|100%| O|  |TAMS 0x0000000083200000, 0x0000000083100000| Untracked 
|  50|0x0000000083200000, 0x0000000083300000, 0x0000000083300000|100%| O|  |TAMS 0x0000000083300000, 0x0000000083200000| Complete 
|  51|0x0000000083300000, 0x0000000083400000, 0x0000000083400000|100%| O|  |TAMS 0x0000000083400000, 0x0000000083300000| Untracked 
|  52|0x0000000083400000, 0x0000000083500000, 0x0000000083500000|100%| O|  |TAMS 0x0000000083500000, 0x0000000083400000| Untracked 
|  53|0x0000000083500000, 0x0000000083600000, 0x0000000083600000|100%|HS|  |TAMS 0x0000000083600000, 0x0000000083500000| Complete 
|  54|0x0000000083600000, 0x0000000083700000, 0x0000000083700000|100%|HS|  |TAMS 0x0000000083700000, 0x0000000083600000| Complete 
|  55|0x0000000083700000, 0x0000000083800000, 0x0000000083800000|100%| O|  |TAMS 0x0000000083800000, 0x0000000083700000| Untracked 
|  56|0x0000000083800000, 0x0000000083900000, 0x0000000083900000|100%| O|  |TAMS 0x0000000083900000, 0x0000000083800000| Complete 
|  57|0x0000000083900000, 0x0000000083a00000, 0x0000000083a00000|100%| O|  |TAMS 0x0000000083a00000, 0x0000000083900000| Complete 
|  58|0x0000000083a00000, 0x0000000083b00000, 0x0000000083b00000|100%| O|  |TAMS 0x0000000083b00000, 0x0000000083a00000| Complete 
|  59|0x0000000083b00000, 0x0000000083c00000, 0x0000000083c00000|100%| O|  |TAMS 0x0000000083c00000, 0x0000000083b00000| Complete 
|  60|0x0000000083c00000, 0x0000000083d00000, 0x0000000083d00000|100%| O|  |TAMS 0x0000000083d00000, 0x0000000083c00000| Untracked 
|  61|0x0000000083d00000, 0x0000000083e00000, 0x0000000083e00000|100%| O|  |TAMS 0x0000000083e00000, 0x0000000083d00000| Complete 
|  62|0x0000000083e00000, 0x0000000083f00000, 0x0000000083f00000|100%| O|  |TAMS 0x0000000083f00000, 0x0000000083e00000| Untracked 
|  63|0x0000000083f00000, 0x0000000084000000, 0x0000000084000000|100%| O|  |TAMS 0x0000000084000000, 0x0000000083f00000| Complete 
|  64|0x0000000084000000, 0x0000000084100000, 0x0000000084100000|100%| O|  |TAMS 0x0000000084100000, 0x0000000084000000| Complete 
|  65|0x0000000084100000, 0x0000000084200000, 0x0000000084200000|100%|HS|  |TAMS 0x0000000084200000, 0x0000000084100000| Complete 
|  66|0x0000000084200000, 0x0000000084300000, 0x0000000084300000|100%|HC|  |TAMS 0x0000000084300000, 0x0000000084200000| Complete 
|  67|0x0000000084300000, 0x0000000084400000, 0x0000000084400000|100%| O|  |TAMS 0x0000000084400000, 0x0000000084300000| Untracked 
|  68|0x0000000084400000, 0x0000000084500000, 0x0000000084500000|100%| O|  |TAMS 0x0000000084500000, 0x0000000084400000| Untracked 
|  69|0x0000000084500000, 0x0000000084600000, 0x0000000084600000|100%| O|  |TAMS 0x0000000084600000, 0x0000000084500000| Complete 
|  70|0x0000000084600000, 0x0000000084700000, 0x0000000084700000|100%| O|  |TAMS 0x0000000084700000, 0x0000000084600000| Untracked 
|  71|0x0000000084700000, 0x0000000084800000, 0x0000000084800000|100%| O|  |TAMS 0x0000000084800000, 0x0000000084700000| Untracked 
|  72|0x0000000084800000, 0x0000000084900000, 0x0000000084900000|100%| O|  |TAMS 0x0000000084900000, 0x0000000084800000| Untracked 
|  73|0x0000000084900000, 0x0000000084a00000, 0x0000000084a00000|100%| O|  |TAMS 0x0000000084a00000, 0x0000000084900000| Untracked 
|  74|0x0000000084a00000, 0x0000000084b00000, 0x0000000084b00000|100%| O|  |TAMS 0x0000000084b00000, 0x0000000084a00000| Complete 
|  75|0x0000000084b00000, 0x0000000084c00000, 0x0000000084c00000|100%| O|  |TAMS 0x0000000084c00000, 0x0000000084b00000| Complete 
|  76|0x0000000084c00000, 0x0000000084d00000, 0x0000000084d00000|100%| O|  |TAMS 0x0000000084d00000, 0x0000000084c00000| Untracked 
|  77|0x0000000084d00000, 0x0000000084e00000, 0x0000000084e00000|100%| O|  |TAMS 0x0000000084e00000, 0x0000000084d00000| Untracked 
|  78|0x0000000084e00000, 0x0000000084f00000, 0x0000000084f00000|100%| O|  |TAMS 0x0000000084f00000, 0x0000000084e00000| Complete 
|  79|0x0000000084f00000, 0x0000000085000000, 0x0000000085000000|100%| O|  |TAMS 0x0000000085000000, 0x0000000084f00000| Complete 
|  80|0x0000000085000000, 0x0000000085100000, 0x0000000085100000|100%| O|  |TAMS 0x0000000085100000, 0x0000000085000000| Complete 
|  81|0x0000000085100000, 0x0000000085200000, 0x0000000085200000|100%| O|  |TAMS 0x0000000085200000, 0x0000000085100000| Complete 
|  82|0x0000000085200000, 0x0000000085300000, 0x0000000085300000|100%| O|  |TAMS 0x0000000085300000, 0x0000000085200000| Complete 
|  83|0x0000000085300000, 0x0000000085400000, 0x0000000085400000|100%| O|  |TAMS 0x0000000085400000, 0x0000000085300000| Untracked 
|  84|0x0000000085400000, 0x0000000085500000, 0x0000000085500000|100%| O|  |TAMS 0x0000000085500000, 0x0000000085400000| Complete 
|  85|0x0000000085500000, 0x0000000085600000, 0x0000000085600000|100%| O|  |TAMS 0x0000000085600000, 0x0000000085500000| Complete 
|  86|0x0000000085600000, 0x0000000085700000, 0x0000000085700000|100%| O|  |TAMS 0x0000000085700000, 0x0000000085600000| Complete 
|  87|0x0000000085700000, 0x0000000085800000, 0x0000000085800000|100%| O|  |TAMS 0x0000000085800000, 0x0000000085700000| Untracked 
|  88|0x0000000085800000, 0x0000000085900000, 0x0000000085900000|100%| O|  |TAMS 0x0000000085900000, 0x0000000085800000| Untracked 
|  89|0x0000000085900000, 0x0000000085a00000, 0x0000000085a00000|100%| O|  |TAMS 0x0000000085a00000, 0x0000000085900000| Complete 
|  90|0x0000000085a00000, 0x0000000085b00000, 0x0000000085b00000|100%| O|  |TAMS 0x0000000085b00000, 0x0000000085a00000| Complete 
|  91|0x0000000085b00000, 0x0000000085c00000, 0x0000000085c00000|100%| O|  |TAMS 0x0000000085c00000, 0x0000000085b00000| Complete 
|  92|0x0000000085c00000, 0x0000000085d00000, 0x0000000085d00000|100%| O|  |TAMS 0x0000000085d00000, 0x0000000085c00000| Complete 
|  93|0x0000000085d00000, 0x0000000085e00000, 0x0000000085e00000|100%| O|  |TAMS 0x0000000085e00000, 0x0000000085d00000| Complete 
|  94|0x0000000085e00000, 0x0000000085f00000, 0x0000000085f00000|100%| O|  |TAMS 0x0000000085f00000, 0x0000000085e00000| Complete 
|  95|0x0000000085f00000, 0x0000000086000000, 0x0000000086000000|100%| O|  |TAMS 0x0000000086000000, 0x0000000085f00000| Complete 
|  96|0x0000000086000000, 0x0000000086100000, 0x0000000086100000|100%| O|  |TAMS 0x0000000086100000, 0x0000000086000000| Untracked 
|  97|0x0000000086100000, 0x0000000086200000, 0x0000000086200000|100%| O|  |TAMS 0x0000000086200000, 0x0000000086100000| Untracked 
|  98|0x0000000086200000, 0x0000000086300000, 0x0000000086300000|100%| O|  |TAMS 0x0000000086300000, 0x0000000086200000| Untracked 
|  99|0x0000000086300000, 0x0000000086400000, 0x0000000086400000|100%| O|  |TAMS 0x0000000086400000, 0x0000000086300000| Complete 
| 100|0x0000000086400000, 0x0000000086500000, 0x0000000086500000|100%| O|  |TAMS 0x0000000086500000, 0x0000000086400000| Complete 
| 101|0x0000000086500000, 0x0000000086600000, 0x0000000086600000|100%| O|  |TAMS 0x0000000086600000, 0x0000000086500000| Complete 
| 102|0x0000000086600000, 0x0000000086700000, 0x0000000086700000|100%| O|  |TAMS 0x0000000086700000, 0x0000000086600000| Complete 
| 103|0x0000000086700000, 0x0000000086800000, 0x0000000086800000|100%| O|  |TAMS 0x0000000086800000, 0x0000000086700000| Complete 
| 104|0x0000000086800000, 0x0000000086900000, 0x0000000086900000|100%| O|  |TAMS 0x0000000086900000, 0x0000000086800000| Complete 
| 105|0x0000000086900000, 0x0000000086a00000, 0x0000000086a00000|100%| O|  |TAMS 0x0000000086a00000, 0x0000000086900000| Complete 
| 106|0x0000000086a00000, 0x0000000086b00000, 0x0000000086b00000|100%| O|  |TAMS 0x0000000086b00000, 0x0000000086a00000| Complete 
| 107|0x0000000086b00000, 0x0000000086c00000, 0x0000000086c00000|100%| O|  |TAMS 0x0000000086c00000, 0x0000000086b00000| Complete 
| 108|0x0000000086c00000, 0x0000000086d00000, 0x0000000086d00000|100%| O|  |TAMS 0x0000000086d00000, 0x0000000086c00000| Complete 
| 109|0x0000000086d00000, 0x0000000086e00000, 0x0000000086e00000|100%| O|  |TAMS 0x0000000086e00000, 0x0000000086d00000| Complete 
| 110|0x0000000086e00000, 0x0000000086f00000, 0x0000000086f00000|100%| O|  |TAMS 0x0000000086f00000, 0x0000000086e00000| Untracked 
| 111|0x0000000086f00000, 0x0000000087000000, 0x0000000087000000|100%| O|  |TAMS 0x0000000087000000, 0x0000000086f00000| Untracked 
| 112|0x0000000087000000, 0x0000000087100000, 0x0000000087100000|100%| O|  |TAMS 0x0000000087100000, 0x0000000087000000| Untracked 
| 113|0x0000000087100000, 0x0000000087200000, 0x0000000087200000|100%| O|  |TAMS 0x0000000087200000, 0x0000000087100000| Untracked 
| 114|0x0000000087200000, 0x0000000087300000, 0x0000000087300000|100%| O|  |TAMS 0x0000000087300000, 0x0000000087200000| Complete 
| 115|0x0000000087300000, 0x0000000087400000, 0x0000000087400000|100%| O|  |TAMS 0x0000000087400000, 0x0000000087300000| Complete 
| 116|0x0000000087400000, 0x0000000087500000, 0x0000000087500000|100%| O|  |TAMS 0x0000000087500000, 0x0000000087400000| Complete 
| 117|0x0000000087500000, 0x0000000087600000, 0x0000000087600000|100%| O|  |TAMS 0x0000000087600000, 0x0000000087500000| Complete 
| 118|0x0000000087600000, 0x00000000876f6000, 0x0000000087700000| 96%| O|  |TAMS 0x00000000876f6000, 0x0000000087600000| Untracked 
| 119|0x0000000087700000, 0x0000000087800000, 0x0000000087800000|100%|HS|  |TAMS 0x0000000087700000, 0x0000000087700000| Complete 
| 120|0x0000000087800000, 0x0000000087900000, 0x0000000087900000|100%|HS|  |TAMS 0x0000000087800000, 0x0000000087800000| Complete 
| 121|0x0000000087900000, 0x0000000087a00000, 0x0000000087a00000|100%|HS|  |TAMS 0x0000000087900000, 0x0000000087900000| Complete 
| 122|0x0000000087a00000, 0x0000000087a00000, 0x0000000087b00000|  0%| F|  |TAMS 0x0000000087a00000, 0x0000000087a00000| Untracked 
| 123|0x0000000087b00000, 0x0000000087b00000, 0x0000000087c00000|  0%| F|  |TAMS 0x0000000087b00000, 0x0000000087b00000| Untracked 
| 124|0x0000000087c00000, 0x0000000087c00000, 0x0000000087d00000|  0%| F|  |TAMS 0x0000000087c00000, 0x0000000087c00000| Untracked 
| 125|0x0000000087d00000, 0x0000000087d00000, 0x0000000087e00000|  0%| F|  |TAMS 0x0000000087d00000, 0x0000000087d00000| Untracked 
| 126|0x0000000087e00000, 0x0000000087e00000, 0x0000000087f00000|  0%| F|  |TAMS 0x0000000087e00000, 0x0000000087e00000| Untracked 
| 127|0x0000000087f00000, 0x0000000087f00000, 0x0000000088000000|  0%| F|  |TAMS 0x0000000087f00000, 0x0000000087f00000| Untracked 
| 128|0x0000000088000000, 0x0000000088000000, 0x0000000088100000|  0%| F|  |TAMS 0x0000000088000000, 0x0000000088000000| Untracked 
| 129|0x0000000088100000, 0x0000000088100000, 0x0000000088200000|  0%| F|  |TAMS 0x0000000088100000, 0x0000000088100000| Untracked 
| 130|0x0000000088200000, 0x0000000088200000, 0x0000000088300000|  0%| F|  |TAMS 0x0000000088200000, 0x0000000088200000| Untracked 
| 131|0x0000000088300000, 0x0000000088300000, 0x0000000088400000|  0%| F|  |TAMS 0x0000000088300000, 0x0000000088300000| Untracked 
| 132|0x0000000088400000, 0x0000000088400000, 0x0000000088500000|  0%| F|  |TAMS 0x0000000088400000, 0x0000000088400000| Untracked 
| 133|0x0000000088500000, 0x0000000088500000, 0x0000000088600000|  0%| F|  |TAMS 0x0000000088500000, 0x0000000088500000| Untracked 
| 134|0x0000000088600000, 0x0000000088600000, 0x0000000088700000|  0%| F|  |TAMS 0x0000000088600000, 0x0000000088600000| Untracked 
| 135|0x0000000088700000, 0x0000000088700000, 0x0000000088800000|  0%| F|  |TAMS 0x0000000088700000, 0x0000000088700000| Untracked 
| 136|0x0000000088800000, 0x0000000088800000, 0x0000000088900000|  0%| F|  |TAMS 0x0000000088800000, 0x0000000088800000| Untracked 
| 137|0x0000000088900000, 0x0000000088900000, 0x0000000088a00000|  0%| F|  |TAMS 0x0000000088900000, 0x0000000088900000| Untracked 
| 138|0x0000000088a00000, 0x0000000088a00000, 0x0000000088b00000|  0%| F|  |TAMS 0x0000000088a00000, 0x0000000088a00000| Untracked 
| 139|0x0000000088b00000, 0x0000000088b00000, 0x0000000088c00000|  0%| F|  |TAMS 0x0000000088b00000, 0x0000000088b00000| Untracked 
| 140|0x0000000088c00000, 0x0000000088c00000, 0x0000000088d00000|  0%| F|  |TAMS 0x0000000088c00000, 0x0000000088c00000| Untracked 
| 141|0x0000000088d00000, 0x0000000088d00000, 0x0000000088e00000|  0%| F|  |TAMS 0x0000000088d00000, 0x0000000088d00000| Untracked 
| 142|0x0000000088e00000, 0x0000000088e00000, 0x0000000088f00000|  0%| F|  |TAMS 0x0000000088e00000, 0x0000000088e00000| Untracked 
| 143|0x0000000088f00000, 0x0000000088f00000, 0x0000000089000000|  0%| F|  |TAMS 0x0000000088f00000, 0x0000000088f00000| Untracked 
| 144|0x0000000089000000, 0x0000000089000000, 0x0000000089100000|  0%| F|  |TAMS 0x0000000089000000, 0x0000000089000000| Untracked 
| 145|0x0000000089100000, 0x0000000089100000, 0x0000000089200000|  0%| F|  |TAMS 0x0000000089100000, 0x0000000089100000| Untracked 
| 146|0x0000000089200000, 0x0000000089200000, 0x0000000089300000|  0%| F|  |TAMS 0x0000000089200000, 0x0000000089200000| Untracked 
| 147|0x0000000089300000, 0x0000000089300000, 0x0000000089400000|  0%| F|  |TAMS 0x0000000089300000, 0x0000000089300000| Untracked 
| 148|0x0000000089400000, 0x0000000089400000, 0x0000000089500000|  0%| F|  |TAMS 0x0000000089400000, 0x0000000089400000| Untracked 
| 149|0x0000000089500000, 0x0000000089500000, 0x0000000089600000|  0%| F|  |TAMS 0x0000000089500000, 0x0000000089500000| Untracked 
| 150|0x0000000089600000, 0x0000000089600000, 0x0000000089700000|  0%| F|  |TAMS 0x0000000089600000, 0x0000000089600000| Untracked 
| 151|0x0000000089700000, 0x0000000089700000, 0x0000000089800000|  0%| F|  |TAMS 0x0000000089700000, 0x0000000089700000| Untracked 
| 152|0x0000000089800000, 0x00000000898cd5d0, 0x0000000089900000| 80%| S|CS|TAMS 0x0000000089800000, 0x0000000089800000| Complete 
| 153|0x0000000089900000, 0x0000000089900000, 0x0000000089a00000|  0%| F|  |TAMS 0x0000000089900000, 0x0000000089900000| Untracked 
| 154|0x0000000089a00000, 0x0000000089b00000, 0x0000000089b00000|100%| S|CS|TAMS 0x0000000089a00000, 0x0000000089a00000| Complete 
| 155|0x0000000089b00000, 0x0000000089c00000, 0x0000000089c00000|100%| S|CS|TAMS 0x0000000089b00000, 0x0000000089b00000| Complete 
| 156|0x0000000089c00000, 0x0000000089d00000, 0x0000000089d00000|100%| S|CS|TAMS 0x0000000089c00000, 0x0000000089c00000| Complete 
| 157|0x0000000089d00000, 0x0000000089e00000, 0x0000000089e00000|100%| S|CS|TAMS 0x0000000089d00000, 0x0000000089d00000| Complete 
| 158|0x0000000089e00000, 0x0000000089e00000, 0x0000000089f00000|  0%| F|  |TAMS 0x0000000089e00000, 0x0000000089e00000| Untracked 
| 159|0x0000000089f00000, 0x0000000089f00000, 0x000000008a000000|  0%| F|  |TAMS 0x0000000089f00000, 0x0000000089f00000| Untracked 
| 160|0x000000008a000000, 0x000000008a000000, 0x000000008a100000|  0%| F|  |TAMS 0x000000008a000000, 0x000000008a000000| Untracked 
| 161|0x000000008a100000, 0x000000008a100000, 0x000000008a200000|  0%| F|  |TAMS 0x000000008a100000, 0x000000008a100000| Untracked 
| 162|0x000000008a200000, 0x000000008a200000, 0x000000008a300000|  0%| F|  |TAMS 0x000000008a200000, 0x000000008a200000| Untracked 
| 163|0x000000008a300000, 0x000000008a300000, 0x000000008a400000|  0%| F|  |TAMS 0x000000008a300000, 0x000000008a300000| Untracked 
| 164|0x000000008a400000, 0x000000008a400000, 0x000000008a500000|  0%| F|  |TAMS 0x000000008a400000, 0x000000008a400000| Untracked 
| 165|0x000000008a500000, 0x000000008a500000, 0x000000008a600000|  0%| F|  |TAMS 0x000000008a500000, 0x000000008a500000| Untracked 
| 166|0x000000008a600000, 0x000000008a600000, 0x000000008a700000|  0%| F|  |TAMS 0x000000008a600000, 0x000000008a600000| Untracked 
| 167|0x000000008a700000, 0x000000008a735e50, 0x000000008a800000| 21%| E|  |TAMS 0x000000008a700000, 0x000000008a700000| Complete 
| 168|0x000000008a800000, 0x000000008a900000, 0x000000008a900000|100%| E|CS|TAMS 0x000000008a800000, 0x000000008a800000| Complete 
| 169|0x000000008a900000, 0x000000008aa00000, 0x000000008aa00000|100%| E|CS|TAMS 0x000000008a900000, 0x000000008a900000| Complete 
| 170|0x000000008aa00000, 0x000000008ab00000, 0x000000008ab00000|100%| E|CS|TAMS 0x000000008aa00000, 0x000000008aa00000| Complete 
| 171|0x000000008ab00000, 0x000000008ac00000, 0x000000008ac00000|100%| E|CS|TAMS 0x000000008ab00000, 0x000000008ab00000| Complete 
| 172|0x000000008ac00000, 0x000000008ad00000, 0x000000008ad00000|100%| E|CS|TAMS 0x000000008ac00000, 0x000000008ac00000| Complete 
| 173|0x000000008ad00000, 0x000000008ae00000, 0x000000008ae00000|100%| E|CS|TAMS 0x000000008ad00000, 0x000000008ad00000| Complete 
| 174|0x000000008ae00000, 0x000000008af00000, 0x000000008af00000|100%| E|CS|TAMS 0x000000008ae00000, 0x000000008ae00000| Complete 
| 175|0x000000008af00000, 0x000000008b000000, 0x000000008b000000|100%| E|CS|TAMS 0x000000008af00000, 0x000000008af00000| Complete 
| 176|0x000000008b000000, 0x000000008b100000, 0x000000008b100000|100%| E|CS|TAMS 0x000000008b000000, 0x000000008b000000| Complete 
| 177|0x000000008b100000, 0x000000008b200000, 0x000000008b200000|100%| E|  |TAMS 0x000000008b100000, 0x000000008b100000| Complete 
| 178|0x000000008b200000, 0x000000008b300000, 0x000000008b300000|100%| E|CS|TAMS 0x000000008b200000, 0x000000008b200000| Complete 
| 179|0x000000008b300000, 0x000000008b400000, 0x000000008b400000|100%| E|CS|TAMS 0x000000008b300000, 0x000000008b300000| Complete 
| 180|0x000000008b400000, 0x000000008b500000, 0x000000008b500000|100%| E|CS|TAMS 0x000000008b400000, 0x000000008b400000| Complete 
| 181|0x000000008b500000, 0x000000008b600000, 0x000000008b600000|100%| E|CS|TAMS 0x000000008b500000, 0x000000008b500000| Complete 
| 182|0x000000008b600000, 0x000000008b700000, 0x000000008b700000|100%| E|CS|TAMS 0x000000008b600000, 0x000000008b600000| Complete 
| 183|0x000000008b700000, 0x000000008b800000, 0x000000008b800000|100%| E|CS|TAMS 0x000000008b700000, 0x000000008b700000| Complete 
| 184|0x000000008b800000, 0x000000008b900000, 0x000000008b900000|100%| E|CS|TAMS 0x000000008b800000, 0x000000008b800000| Complete 
| 185|0x000000008b900000, 0x000000008ba00000, 0x000000008ba00000|100%| E|CS|TAMS 0x000000008b900000, 0x000000008b900000| Complete 
| 186|0x000000008ba00000, 0x000000008bb00000, 0x000000008bb00000|100%| E|CS|TAMS 0x000000008ba00000, 0x000000008ba00000| Complete 
| 187|0x000000008bb00000, 0x000000008bc00000, 0x000000008bc00000|100%| E|CS|TAMS 0x000000008bb00000, 0x000000008bb00000| Complete 
| 188|0x000000008bc00000, 0x000000008bd00000, 0x000000008bd00000|100%| E|CS|TAMS 0x000000008bc00000, 0x000000008bc00000| Complete 
| 189|0x000000008bd00000, 0x000000008be00000, 0x000000008be00000|100%| E|CS|TAMS 0x000000008bd00000, 0x000000008bd00000| Complete 
| 190|0x000000008be00000, 0x000000008bf00000, 0x000000008bf00000|100%| E|CS|TAMS 0x000000008be00000, 0x000000008be00000| Complete 
| 191|0x000000008bf00000, 0x000000008c000000, 0x000000008c000000|100%| E|CS|TAMS 0x000000008bf00000, 0x000000008bf00000| Complete 
| 192|0x000000008c000000, 0x000000008c100000, 0x000000008c100000|100%| E|CS|TAMS 0x000000008c000000, 0x000000008c000000| Complete 
| 193|0x000000008c100000, 0x000000008c200000, 0x000000008c200000|100%| E|CS|TAMS 0x000000008c100000, 0x000000008c100000| Complete 
| 194|0x000000008c200000, 0x000000008c300000, 0x000000008c300000|100%| E|CS|TAMS 0x000000008c200000, 0x000000008c200000| Complete 
| 195|0x000000008c300000, 0x000000008c400000, 0x000000008c400000|100%| E|CS|TAMS 0x000000008c300000, 0x000000008c300000| Complete 
| 196|0x000000008c400000, 0x000000008c500000, 0x000000008c500000|100%| E|CS|TAMS 0x000000008c400000, 0x000000008c400000| Complete 
| 197|0x000000008c500000, 0x000000008c600000, 0x000000008c600000|100%| E|CS|TAMS 0x000000008c500000, 0x000000008c500000| Complete 
| 198|0x000000008c600000, 0x000000008c700000, 0x000000008c700000|100%| E|CS|TAMS 0x000000008c600000, 0x000000008c600000| Complete 
| 199|0x000000008c700000, 0x000000008c800000, 0x000000008c800000|100%| E|CS|TAMS 0x000000008c700000, 0x000000008c700000| Complete 
| 200|0x000000008c800000, 0x000000008c900000, 0x000000008c900000|100%| E|CS|TAMS 0x000000008c800000, 0x000000008c800000| Complete 
| 201|0x000000008c900000, 0x000000008ca00000, 0x000000008ca00000|100%| E|CS|TAMS 0x000000008c900000, 0x000000008c900000| Complete 
| 202|0x000000008ca00000, 0x000000008cb00000, 0x000000008cb00000|100%| E|CS|TAMS 0x000000008ca00000, 0x000000008ca00000| Complete 
| 203|0x000000008cb00000, 0x000000008cc00000, 0x000000008cc00000|100%| E|CS|TAMS 0x000000008cb00000, 0x000000008cb00000| Complete 
| 204|0x000000008cc00000, 0x000000008cd00000, 0x000000008cd00000|100%| E|CS|TAMS 0x000000008cc00000, 0x000000008cc00000| Complete 
| 205|0x000000008cd00000, 0x000000008ce00000, 0x000000008ce00000|100%| E|CS|TAMS 0x000000008cd00000, 0x000000008cd00000| Complete 
| 206|0x000000008ce00000, 0x000000008cf00000, 0x000000008cf00000|100%| E|CS|TAMS 0x000000008ce00000, 0x000000008ce00000| Complete 
| 207|0x000000008cf00000, 0x000000008d000000, 0x000000008d000000|100%| E|CS|TAMS 0x000000008cf00000, 0x000000008cf00000| Complete 
| 208|0x000000008d000000, 0x000000008d100000, 0x000000008d100000|100%| E|CS|TAMS 0x000000008d000000, 0x000000008d000000| Complete 
| 209|0x000000008d100000, 0x000000008d200000, 0x000000008d200000|100%| E|CS|TAMS 0x000000008d100000, 0x000000008d100000| Complete 
| 210|0x000000008d200000, 0x000000008d300000, 0x000000008d300000|100%| E|CS|TAMS 0x000000008d200000, 0x000000008d200000| Complete 
| 211|0x000000008d300000, 0x000000008d400000, 0x000000008d400000|100%| E|CS|TAMS 0x000000008d300000, 0x000000008d300000| Complete 
| 212|0x000000008d400000, 0x000000008d500000, 0x000000008d500000|100%| E|CS|TAMS 0x000000008d400000, 0x000000008d400000| Complete 
| 213|0x000000008d500000, 0x000000008d600000, 0x000000008d600000|100%| E|CS|TAMS 0x000000008d500000, 0x000000008d500000| Complete 
| 214|0x000000008d600000, 0x000000008d700000, 0x000000008d700000|100%| E|CS|TAMS 0x000000008d600000, 0x000000008d600000| Complete 
| 215|0x000000008d700000, 0x000000008d800000, 0x000000008d800000|100%| E|CS|TAMS 0x000000008d700000, 0x000000008d700000| Complete 
| 216|0x000000008d800000, 0x000000008d900000, 0x000000008d900000|100%| E|CS|TAMS 0x000000008d800000, 0x000000008d800000| Complete 
| 217|0x000000008d900000, 0x000000008da00000, 0x000000008da00000|100%| E|CS|TAMS 0x000000008d900000, 0x000000008d900000| Complete 
| 218|0x000000008da00000, 0x000000008db00000, 0x000000008db00000|100%| E|CS|TAMS 0x000000008da00000, 0x000000008da00000| Complete 
| 219|0x000000008db00000, 0x000000008dc00000, 0x000000008dc00000|100%| E|CS|TAMS 0x000000008db00000, 0x000000008db00000| Complete 

Card table byte_map: [0x0000019c14880000,0x0000019c14c80000] _byte_map_base: 0x0000019c14480000

Marking Bits (Prev, Next): (CMBitMap*) 0x0000019c7fa90298, (CMBitMap*) 0x0000019c7fa902d0
 Prev Bits: [0x0000019c15080000, 0x0000019c17080000)
 Next Bits: [0x0000019c17080000, 0x0000019c19080000)

Polling page: 0x0000019c01410000

Metaspace:

Usage:
  Non-class:     96.72 MB capacity,    94.60 MB ( 98%) used,     1.79 MB (  2%) free+waste,   339.25 KB ( <1%) overhead. 
      Class:     14.84 MB capacity,    13.77 MB ( 93%) used,   938.30 KB (  6%) free+waste,   154.25 KB (  1%) overhead. 
       Both:    111.56 MB capacity,   108.37 MB ( 97%) used,     2.70 MB (  2%) free+waste,   493.50 KB ( <1%) overhead. 

Virtual space:
  Non-class space:       98.00 MB reserved,      96.97 MB ( 99%) committed 
      Class space:        1.00 GB reserved,      15.00 MB (  1%) committed 
             Both:        1.10 GB reserved,     111.97 MB ( 10%) committed 

Chunk freelists:
   Non-Class:  71.00 KB
       Class:  66.00 KB
        Both:  137.00 KB

MaxMetaspaceSize: 17179869184.00 GB
CompressedClassSpaceSize: 1.00 GB

CodeHeap 'non-profiled nmethods': size=120064Kb used=10337Kb max_used=10337Kb free=109726Kb
 bounds [0x0000019c0c900000, 0x0000019c0d320000, 0x0000019c13e40000]
CodeHeap 'profiled nmethods': size=120000Kb used=35418Kb max_used=35418Kb free=84581Kb
 bounds [0x0000019c053d0000, 0x0000019c07670000, 0x0000019c0c900000]
CodeHeap 'non-nmethods': size=5696Kb used=2343Kb max_used=2408Kb free=3352Kb
 bounds [0x0000019c04e40000, 0x0000019c050b0000, 0x0000019c053d0000]
 total_blobs=16299 nmethods=15338 adapters=870
 compilation: enabled
              stopped_count=0, restarted_count=0
 full_count=0

Compilation events (20 events):
Event: 438.264 Thread 0x0000019c1b6ee800 nmethod 15458 0x0000019c07656490 code [0x0000019c07656de0, 0x0000019c0765d8e8]
Event: 438.264 Thread 0x0000019c1b6ee800 15460       2       org.apache.xerces.impl.XMLEntityScanner::scanLiteral (746 bytes)
Event: 438.264 Thread 0x0000019c24620000 15449       4       org.apache.xerces.dom.NamedNodeMapImpl::findNamePoint (131 bytes)
Event: 438.268 Thread 0x0000019c1b6ee800 nmethod 15460 0x0000019c0765f890 code [0x0000019c0765fae0, 0x0000019c076603d8]
Event: 438.268 Thread 0x0000019c1b6ee800 15457       3       org.apache.xerces.impl.XMLScanner::normalizeWhitespace (56 bytes)
Event: 438.268 Thread 0x0000019c1b6ee800 nmethod 15457 0x0000019c07660a10 code [0x0000019c07660be0, 0x0000019c07660e38]
Event: 438.269 Thread 0x0000019c1b6ee800 15459       3       org.apache.xerces.util.XMLStringBuffer::append (17 bytes)
Event: 438.269 Thread 0x0000019c1b6ee800 nmethod 15459 0x0000019c07660f90 code [0x0000019c07661140, 0x0000019c07661288]
Event: 438.289 Thread 0x0000019c24620000 nmethod 15449 0x0000019c0d306090 code [0x0000019c0d3062a0, 0x0000019c0d306b48]
Event: 438.289 Thread 0x0000019c24620000 15462 %     4       org.apache.xerces.impl.XMLEntityScanner::scanLiteral @ 549 (746 bytes)
Event: 438.308 Thread 0x0000019c24620000 nmethod 15462% 0x0000019c0d307110 code [0x0000019c0d3072c0, 0x0000019c0d3077b8]
Event: 438.308 Thread 0x0000019c24620000 15461       4       org.apache.xerces.impl.XMLNSDocumentScannerImpl::scanEndElement (190 bytes)
Event: 438.318 Thread 0x0000019c1b6ee800 15466       3       org.apache.xerces.dom.CoreDocumentImpl::checkDOMNSErr (135 bytes)
Event: 438.319 Thread 0x0000019c1b6ee800 nmethod 15466 0x0000019c07661390 code [0x0000019c07661640, 0x0000019c07661dd8]
Event: 438.332 Thread 0x0000019c1b6e1000 nmethod 15445 0x0000019c0d307a10 code [0x0000019c0d307d00, 0x0000019c0d30b708]
Event: 438.332 Thread 0x0000019c1b6e1000 15467       4       org.apache.xerces.impl.XMLEntityScanner::scanLiteral (746 bytes)
Event: 438.370 Thread 0x0000019c1b6ee800 15468       3       org.apache.xerces.impl.XMLEntityScanner::scanData (1105 bytes)
Event: 438.375 Thread 0x0000019c1b6ee800 nmethod 15468 0x0000019c07662110 code [0x0000019c07662520, 0x0000019c076644a8]
Event: 438.411 Thread 0x0000019c1b6ee800 15470       3       com.android.ide.common.resources.ValueResourceParser2::addStyleableItems (182 bytes)
Event: 438.414 Thread 0x0000019c1b6ee800 nmethod 15470 0x0000019c07665210 code [0x0000019c076654e0, 0x0000019c07666458]

GC Heap History (20 events):
Event: 31.544 GC heap before
{Heap before GC invocations=35 (full 0):
 garbage-first heap   total 155648K, used 122194K [0x0000000080000000, 0x0000000100000000)
  region size 1024K, 38 young (38912K), 4 survivors (4096K)
 Metaspace       used 82618K, capacity 84805K, committed 84964K, reserved 1122304K
  class space    used 10775K, capacity 11499K, committed 11520K, reserved 1048576K
}
Event: 31.558 GC heap after
{Heap after GC invocations=36 (full 0):
 garbage-first heap   total 187392K, used 90112K [0x0000000080000000, 0x0000000100000000)
  region size 1024K, 5 young (5120K), 5 survivors (5120K)
 Metaspace       used 82618K, capacity 84805K, committed 84964K, reserved 1122304K
  class space    used 10775K, capacity 11499K, committed 11520K, reserved 1048576K
}
Event: 33.037 GC heap before
{Heap before GC invocations=37 (full 0):
 garbage-first heap   total 187392K, used 138240K [0x0000000080000000, 0x0000000100000000)
  region size 1024K, 52 young (53248K), 5 survivors (5120K)
 Metaspace       used 89613K, capacity 91930K, committed 92004K, reserved 1128448K
  class space    used 11614K, capacity 12410K, committed 12416K, reserved 1048576K
}
Event: 33.053 GC heap after
{Heap after GC invocations=38 (full 0):
 garbage-first heap   total 187392K, used 92503K [0x0000000080000000, 0x0000000100000000)
  region size 1024K, 5 young (5120K), 5 survivors (5120K)
 Metaspace       used 89613K, capacity 91930K, committed 92004K, reserved 1128448K
  class space    used 11614K, capacity 12410K, committed 12416K, reserved 1048576K
}
Event: 34.485 GC heap before
{Heap before GC invocations=38 (full 0):
 garbage-first heap   total 187392K, used 140631K [0x0000000080000000, 0x0000000100000000)
  region size 1024K, 53 young (54272K), 5 survivors (5120K)
 Metaspace       used 93205K, capacity 95686K, committed 95972K, reserved 1132544K
  class space    used 12080K, capacity 12948K, committed 13056K, reserved 1048576K
}
Event: 34.502 GC heap after
{Heap after GC invocations=39 (full 0):
 garbage-first heap   total 187392K, used 95791K [0x0000000080000000, 0x0000000100000000)
  region size 1024K, 6 young (6144K), 6 survivors (6144K)
 Metaspace       used 93205K, capacity 95686K, committed 95972K, reserved 1132544K
  class space    used 12080K, capacity 12948K, committed 13056K, reserved 1048576K
}
Event: 36.125 GC heap before
{Heap before GC invocations=40 (full 0):
 garbage-first heap   total 187392K, used 143919K [0x0000000080000000, 0x0000000100000000)
  region size 1024K, 54 young (55296K), 6 survivors (6144K)
 Metaspace       used 94160K, capacity 96721K, committed 96740K, reserved 1132544K
  class space    used 12148K, capacity 13037K, committed 13056K, reserved 1048576K
}
Event: 36.143 GC heap after
{Heap after GC invocations=41 (full 0):
 garbage-first heap   total 187392K, used 98665K [0x0000000080000000, 0x0000000100000000)
  region size 1024K, 6 young (6144K), 6 survivors (6144K)
 Metaspace       used 94160K, capacity 96721K, committed 96740K, reserved 1132544K
  class space    used 12148K, capacity 13037K, committed 13056K, reserved 1048576K
}
Event: 38.798 GC heap before
{Heap before GC invocations=41 (full 0):
 garbage-first heap   total 187392K, used 146793K [0x0000000080000000, 0x0000000100000000)
  region size 1024K, 54 young (55296K), 6 survivors (6144K)
 Metaspace       used 99564K, capacity 102102K, committed 102372K, reserved 1138688K
  class space    used 12850K, capacity 13778K, committed 13824K, reserved 1048576K
}
Event: 38.821 GC heap after
{Heap after GC invocations=42 (full 0):
 garbage-first heap   total 225280K, used 102059K [0x0000000080000000, 0x0000000100000000)
  region size 1024K, 7 young (7168K), 7 survivors (7168K)
 Metaspace       used 99564K, capacity 102102K, committed 102372K, reserved 1138688K
  class space    used 12850K, capacity 13778K, committed 13824K, reserved 1048576K
}
Event: 300.971 GC heap before
{Heap before GC invocations=43 (full 0):
 garbage-first heap   total 225280K, used 165547K [0x0000000080000000, 0x0000000100000000)
  region size 1024K, 69 young (70656K), 7 survivors (7168K)
 Metaspace       used 105027K, capacity 107953K, committed 108132K, reserved 1142784K
  class space    used 13555K, capacity 14627K, committed 14720K, reserved 1048576K
}
Event: 300.992 GC heap after
{Heap after GC invocations=44 (full 0):
 garbage-first heap   total 225280K, used 105605K [0x0000000080000000, 0x0000000100000000)
  region size 1024K, 7 young (7168K), 7 survivors (7168K)
 Metaspace       used 105027K, capacity 107953K, committed 108132K, reserved 1142784K
  class space    used 13555K, capacity 14627K, committed 14720K, reserved 1048576K
}
Event: 303.808 GC heap before
{Heap before GC invocations=44 (full 0):
 garbage-first heap   total 225280K, used 175237K [0x0000000080000000, 0x0000000100000000)
  region size 1024K, 76 young (77824K), 7 survivors (7168K)
 Metaspace       used 106090K, capacity 109280K, committed 109540K, reserved 1144832K
  class space    used 13621K, capacity 14779K, committed 14848K, reserved 1048576K
}
Event: 303.832 GC heap after
{Heap after GC invocations=45 (full 0):
 garbage-first heap   total 225280K, used 111581K [0x0000000080000000, 0x0000000100000000)
  region size 1024K, 10 young (10240K), 10 survivors (10240K)
 Metaspace       used 106090K, capacity 109280K, committed 109540K, reserved 1144832K
  class space    used 13621K, capacity 14779K, committed 14848K, reserved 1048576K
}
Event: 305.940 GC heap before
{Heap before GC invocations=45 (full 0):
 garbage-first heap   total 225280K, used 179165K [0x0000000080000000, 0x0000000100000000)
  region size 1024K, 77 young (78848K), 10 survivors (10240K)
 Metaspace       used 106390K, capacity 109645K, committed 109796K, reserved 1144832K
  class space    used 13621K, capacity 14780K, committed 14848K, reserved 1048576K
}
Event: 306.004 GC heap after
{Heap after GC invocations=46 (full 0):
 garbage-first heap   total 225280K, used 116150K [0x0000000080000000, 0x0000000100000000)
  region size 1024K, 5 young (5120K), 5 survivors (5120K)
 Metaspace       used 106390K, capacity 109645K, committed 109796K, reserved 1144832K
  class space    used 13621K, capacity 14780K, committed 14848K, reserved 1048576K
}
Event: 432.231 GC heap before
{Heap before GC invocations=47 (full 0):
 garbage-first heap   total 225280K, used 182710K [0x0000000080000000, 0x0000000100000000)
  region size 1024K, 71 young (72704K), 5 survivors (5120K)
 Metaspace       used 109175K, capacity 112541K, committed 112612K, reserved 1146880K
  class space    used 13926K, capacity 15069K, committed 15104K, reserved 1048576K
}
Event: 432.254 GC heap after
{Heap after GC invocations=48 (full 0):
 garbage-first heap   total 225280K, used 121581K [0x0000000080000000, 0x0000000100000000)
  region size 1024K, 9 young (9216K), 9 survivors (9216K)
 Metaspace       used 109175K, capacity 112541K, committed 112612K, reserved 1146880K
  class space    used 13926K, capacity 15069K, committed 15104K, reserved 1048576K
}
Event: 435.130 GC heap before
{Heap before GC invocations=48 (full 0):
 garbage-first heap   total 225280K, used 184045K [0x0000000080000000, 0x0000000100000000)
  region size 1024K, 71 young (72704K), 9 survivors (9216K)
 Metaspace       used 110845K, capacity 114175K, committed 114404K, reserved 1148928K
  class space    used 14119K, capacity 15242K, committed 15360K, reserved 1048576K
}
Event: 435.171 GC heap after
{Heap after GC invocations=49 (full 0):
 garbage-first heap   total 225280K, used 126733K [0x0000000080000000, 0x0000000100000000)
  region size 1024K, 5 young (5120K), 5 survivors (5120K)
 Metaspace       used 110845K, capacity 114175K, committed 114404K, reserved 1148928K
  class space    used 14119K, capacity 15242K, committed 15360K, reserved 1048576K
}

Deoptimization events (20 events):
Event: 438.333 Thread 0x0000019c1ce08800 DEOPT PACKING pc=0x0000019c07660254 sp=0x00000067b62f9720
Event: 438.333 Thread 0x0000019c1ce08800 DEOPT UNPACKING pc=0x0000019c04e6764e sp=0x00000067b62f8bb0 mode 0
Event: 438.369 Thread 0x0000019c1ce08800 Uncommon trap: trap_request=0xffffff4d fr.pc=0x0000019c0d309660 relative=0x0000000000001960
Event: 438.369 Thread 0x0000019c1ce08800 Uncommon trap: reason=unstable_if action=reinterpret pc=0x0000019c0d309660 method=org.apache.xerces.impl.XMLEntityScanner.scanData(Ljava/lang/String;Lorg/apache/xerces/util/XMLStringBuffer;)Z @ 38 c2
Event: 438.369 Thread 0x0000019c1ce08800 DEOPT PACKING pc=0x0000019c0d309660 sp=0x00000067b62f98e0
Event: 438.369 Thread 0x0000019c1ce08800 DEOPT UNPACKING pc=0x0000019c04e6782f sp=0x00000067b62f98b0 mode 2
Event: 438.381 Thread 0x0000019c1ce08800 DEOPT PACKING pc=0x0000019c07664167 sp=0x00000067b62f9890
Event: 438.381 Thread 0x0000019c1ce08800 DEOPT UNPACKING pc=0x0000019c04e6764e sp=0x00000067b62f8da0 mode 0
Event: 438.383 Thread 0x0000019c1ce08800 DEOPT PACKING pc=0x0000019c07660254 sp=0x00000067b62f9720
Event: 438.383 Thread 0x0000019c1ce08800 DEOPT UNPACKING pc=0x0000019c04e6764e sp=0x00000067b62f8bb0 mode 0
Event: 438.383 Thread 0x0000019c1ce08800 DEOPT PACKING pc=0x0000019c07664167 sp=0x00000067b62f9890
Event: 438.383 Thread 0x0000019c1ce08800 DEOPT UNPACKING pc=0x0000019c04e6764e sp=0x00000067b62f8da0 mode 0
Event: 438.394 Thread 0x0000019c1ce08800 DEOPT PACKING pc=0x0000019c07664167 sp=0x00000067b62f9890
Event: 438.394 Thread 0x0000019c1ce08800 DEOPT UNPACKING pc=0x0000019c04e6764e sp=0x00000067b62f8da0 mode 0
Event: 438.396 Thread 0x0000019c1ce08800 DEOPT PACKING pc=0x0000019c07664167 sp=0x00000067b62f9890
Event: 438.396 Thread 0x0000019c1ce08800 DEOPT UNPACKING pc=0x0000019c04e6764e sp=0x00000067b62f8da0 mode 0
Event: 438.405 Thread 0x0000019c1ce08800 DEOPT PACKING pc=0x0000019c07664167 sp=0x00000067b62f9890
Event: 438.405 Thread 0x0000019c1ce08800 DEOPT UNPACKING pc=0x0000019c04e6764e sp=0x00000067b62f8da0 mode 0
Event: 438.541 Thread 0x0000019c1ce08800 DEOPT PACKING pc=0x0000019c07660254 sp=0x00000067b62f9720
Event: 438.541 Thread 0x0000019c1ce08800 DEOPT UNPACKING pc=0x0000019c04e6764e sp=0x00000067b62f8bb0 mode 0

Classes redefined (0 events):
No events

Internal exceptions (20 events):
Event: 431.262 Thread 0x0000019c2200d800 Exception <a 'sun/nio/fs/WindowsException'{0x000000008b43de20}> (0x000000008b43de20) thrown at [./src/hotspot/share/prims/jni.cpp, line 615]
Event: 431.262 Thread 0x0000019c2200d800 Exception <a 'sun/nio/fs/WindowsException'{0x000000008b43ef20}> (0x000000008b43ef20) thrown at [./src/hotspot/share/prims/jni.cpp, line 615]
Event: 431.263 Thread 0x0000019c2200d800 Exception <a 'sun/nio/fs/WindowsException'{0x000000008b440070}> (0x000000008b440070) thrown at [./src/hotspot/share/prims/jni.cpp, line 615]
Event: 431.263 Thread 0x0000019c2200d800 Exception <a 'sun/nio/fs/WindowsException'{0x000000008b4411c0}> (0x000000008b4411c0) thrown at [./src/hotspot/share/prims/jni.cpp, line 615]
Event: 431.471 Thread 0x0000019c2200d800 Exception <a 'java/lang/NoSuchMethodError'{0x000000008ae0f1a0}: 'java.lang.Object java.lang.invoke.Invokers$Holder.linkToTargetMethod(java.lang.Object, int, int, java.lang.Object)'> (0x000000008ae0f1a0) thrown at [./src/hotspot/share/interpreter/linkResolver.cpp, line 773]
Event: 431.893 Thread 0x0000019c2200b000 Exception <a 'java/lang/NoSuchMethodError'{0x000000008bdc63a8}: <clinit>> (0x000000008bdc63a8) thrown at [./src/hotspot/share/prims/jni.cpp, line 1362]
Event: 431.895 Thread 0x0000019c2200b000 Exception <a 'java/lang/NoSuchMethodError'{0x000000008a06e630}: <clinit>> (0x000000008a06e630) thrown at [./src/hotspot/share/prims/jni.cpp, line 1362]
Event: 431.917 Thread 0x0000019c2200b000 Exception <a 'java/lang/NoSuchMethodError'{0x000000008a0789a0}: <clinit>> (0x000000008a0789a0) thrown at [./src/hotspot/share/prims/jni.cpp, line 1362]
Event: 431.920 Thread 0x0000019c2200b000 Exception <a 'java/lang/NoSuchMethodError'{0x000000008a0a07b0}: <clinit>> (0x000000008a0a07b0) thrown at [./src/hotspot/share/prims/jni.cpp, line 1362]
Event: 431.920 Thread 0x0000019c2200b000 Exception <a 'java/lang/NoSuchMethodError'{0x000000008a0a1a88}: <clinit>> (0x000000008a0a1a88) thrown at [./src/hotspot/share/prims/jni.cpp, line 1362]
Event: 431.986 Thread 0x0000019c1ce0d800 Exception <a 'java/lang/NoSuchMethodError'{0x0000000089eb5250}: <clinit>> (0x0000000089eb5250) thrown at [./src/hotspot/share/prims/jni.cpp, line 1362]
Event: 431.989 Thread 0x0000019c1ce0d800 Exception <a 'java/lang/NoSuchMethodError'{0x0000000089ec28c8}: <clinit>> (0x0000000089ec28c8) thrown at [./src/hotspot/share/prims/jni.cpp, line 1362]
Event: 431.993 Thread 0x0000019c1ce0d800 Exception <a 'java/lang/NoSuchMethodError'{0x0000000089edbcd0}: <clinit>> (0x0000000089edbcd0) thrown at [./src/hotspot/share/prims/jni.cpp, line 1362]
Event: 432.042 Thread 0x0000019c2200b000 Exception <a 'java/lang/NoSuchMethodError'{0x0000000089dd8930}: <clinit>> (0x0000000089dd8930) thrown at [./src/hotspot/share/prims/jni.cpp, line 1362]
Event: 432.309 Thread 0x0000019c2200d800 Exception <a 'java/lang/NoSuchMethodError'{0x000000008da434c0}: 'void java.lang.invoke.DirectMethodHandle$Holder.invokeStatic(java.lang.Object, java.lang.Object, java.lang.Object, java.lang.Object, java.lang.Object, java.lang.Object, java.lang.Object)'> (0x000000008da434c0) thrown at [./src/hotspot/share/interpreter/linkResolver.cpp, line 773]
Event: 432.328 Thread 0x0000019c2200b000 Exception <a 'java/lang/NoSuchMethodError'{0x000000008d9994c8}: <clinit>> (0x000000008d9994c8) thrown at [./src/hotspot/share/prims/jni.cpp, line 1362]
Event: 432.354 Thread 0x0000019c2200d800 Exception <a 'sun/nio/fs/WindowsException'{0x000000008dacadf0}> (0x000000008dacadf0) thrown at [./src/hotspot/share/prims/jni.cpp, line 615]
Event: 432.354 Thread 0x0000019c2200d800 Exception <a 'sun/nio/fs/WindowsException'{0x000000008dacc4c8}> (0x000000008dacc4c8) thrown at [./src/hotspot/share/prims/jni.cpp, line 615]
Event: 432.419 Thread 0x0000019c24621000 Exception <a 'sun/nio/fs/WindowsException'{0x000000008d7bc2f8}> (0x000000008d7bc2f8) thrown at [./src/hotspot/share/prims/jni.cpp, line 615]
Event: 432.993 Thread 0x0000019c1ce09800 Exception <a 'java/lang/NoSuchMethodError'{0x000000008c3c4200}: <clinit>> (0x000000008c3c4200) thrown at [./src/hotspot/share/prims/jni.cpp, line 1362]

Events (20 events):
Event: 434.338 loading class com/android/resources/NightMode
Event: 434.338 loading class com/android/resources/NightMode done
Event: 434.339 loading class com/android/resources/TouchScreen
Event: 434.339 loading class com/android/resources/TouchScreen done
Event: 434.340 loading class com/android/resources/KeyboardState
Event: 434.340 loading class com/android/resources/KeyboardState done
Event: 434.341 loading class com/android/resources/Keyboard
Event: 434.341 loading class com/android/resources/Keyboard done
Event: 434.343 loading class com/android/resources/NavigationState
Event: 434.343 loading class com/android/resources/NavigationState done
Event: 434.344 loading class com/android/resources/Navigation
Event: 434.344 loading class com/android/resources/Navigation done
Event: 435.129 Executing VM operation: G1CollectForAllocation
Event: 435.171 Executing VM operation: G1CollectForAllocation done
Event: 435.529 Executing VM operation: CGC_Operation
Event: 435.556 Executing VM operation: CGC_Operation done
Event: 435.724 Executing VM operation: CGC_Operation
Event: 435.724 Executing VM operation: CGC_Operation done
Event: 437.344 Thread 0x0000019c22009800 Thread exited: 0x0000019c22009800
Event: 438.264 Thread 0x0000019c24620000 Thread added: 0x0000019c24620000


Dynamic libraries:
0x00007ff726c10000 - 0x00007ff726c1a000 	C:\Program Files\Android\Android Studio\jre\bin\java.exe
0x00007ffe31810000 - 0x00007ffe31a05000 	C:\WINDOWS\SYSTEM32\ntdll.dll
0x00007ffe30290000 - 0x00007ffe3034e000 	C:\WINDOWS\System32\KERNEL32.DLL
0x00007ffe2ef30000 - 0x00007ffe2f1f8000 	C:\WINDOWS\System32\KERNELBASE.dll
0x00007ffe2f490000 - 0x00007ffe2f590000 	C:\WINDOWS\System32\ucrtbase.dll
0x00007ffe29a00000 - 0x00007ffe29a19000 	C:\Program Files\Android\Android Studio\jre\bin\jli.dll
0x00007ffe2fe90000 - 0x00007ffe30030000 	C:\WINDOWS\System32\USER32.dll
0x00007ffe2f7f0000 - 0x00007ffe2f812000 	C:\WINDOWS\System32\win32u.dll
0x00007ffe30c90000 - 0x00007ffe30cba000 	C:\WINDOWS\System32\GDI32.dll
0x00007ffe2f6e0000 - 0x00007ffe2f7eb000 	C:\WINDOWS\System32\gdi32full.dll
0x00007ffe2f590000 - 0x00007ffe2f62d000 	C:\WINDOWS\System32\msvcp_win.dll
0x00007ffe202b0000 - 0x00007ffe2054a000 	C:\WINDOWS\WinSxS\amd64_microsoft.windows.common-controls_6595b64144ccf1df_6.0.19041.1110_none_60b5254171f9507e\COMCTL32.dll
0x00007ffe303e0000 - 0x00007ffe3047e000 	C:\WINDOWS\System32\msvcrt.dll
0x00007ffe21fe0000 - 0x00007ffe21ff7000 	C:\Program Files\Android\Android Studio\jre\bin\VCRUNTIME140.dll
0x00007ffe315c0000 - 0x00007ffe315f0000 	C:\WINDOWS\System32\IMM32.DLL
0x00007ffe17920000 - 0x00007ffe179bd000 	C:\Program Files\Android\Android Studio\jre\bin\msvcp140.dll
0x00007ffe008b0000 - 0x00007ffe0137f000 	C:\Program Files\Android\Android Studio\jre\bin\server\jvm.dll
0x00007ffe306e0000 - 0x00007ffe3078e000 	C:\WINDOWS\System32\ADVAPI32.dll
0x00007ffe31720000 - 0x00007ffe317bc000 	C:\WINDOWS\System32\sechost.dll
0x00007ffe305b0000 - 0x00007ffe306d5000 	C:\WINDOWS\System32\RPCRT4.dll
0x00007ffe30d30000 - 0x00007ffe30d38000 	C:\WINDOWS\System32\PSAPI.DLL
0x00007ffe1e010000 - 0x00007ffe1e019000 	C:\WINDOWS\SYSTEM32\WSOCK32.dll
0x00007ffe30cc0000 - 0x00007ffe30d2b000 	C:\WINDOWS\System32\WS2_32.dll
0x00007ffe21d80000 - 0x00007ffe21da7000 	C:\WINDOWS\SYSTEM32\WINMM.dll
0x00007ffe27ec0000 - 0x00007ffe27eca000 	C:\WINDOWS\SYSTEM32\VERSION.dll
0x00007ffe2ce50000 - 0x00007ffe2ce62000 	C:\WINDOWS\SYSTEM32\kernel.appcore.dll
0x00007ffe220b0000 - 0x00007ffe220c1000 	C:\Program Files\Android\Android Studio\jre\bin\verify.dll
0x00007ffe26e00000 - 0x00007ffe26fe4000 	C:\WINDOWS\SYSTEM32\DBGHELP.DLL
0x00007ffe267b0000 - 0x00007ffe267dc000 	C:\WINDOWS\SYSTEM32\dbgcore.DLL
0x00007ffe2f390000 - 0x00007ffe2f412000 	C:\WINDOWS\System32\bcryptPrimitives.dll
0x00007ffe20870000 - 0x00007ffe20899000 	C:\Program Files\Android\Android Studio\jre\bin\java.dll
0x00007ffe2c730000 - 0x00007ffe2c73b000 	C:\Program Files\Android\Android Studio\jre\bin\jimage.dll
0x00007ffe20850000 - 0x00007ffe20868000 	C:\Program Files\Android\Android Studio\jre\bin\zip.dll
0x00007ffe30da0000 - 0x00007ffe314e4000 	C:\WINDOWS\System32\SHELL32.dll
0x00007ffe2d050000 - 0x00007ffe2d7e4000 	C:\WINDOWS\SYSTEM32\windows.storage.dll
0x00007ffe307f0000 - 0x00007ffe30b44000 	C:\WINDOWS\System32\combase.dll
0x00007ffe2e930000 - 0x00007ffe2e95c000 	C:\WINDOWS\SYSTEM32\Wldp.dll
0x00007ffe301e0000 - 0x00007ffe3028d000 	C:\WINDOWS\System32\SHCORE.dll
0x00007ffe30380000 - 0x00007ffe303d5000 	C:\WINDOWS\System32\shlwapi.dll
0x00007ffe2ee70000 - 0x00007ffe2ee8f000 	C:\WINDOWS\SYSTEM32\profapi.dll
0x00007ffe20830000 - 0x00007ffe2084a000 	C:\Program Files\Android\Android Studio\jre\bin\net.dll
0x00007ffe297b0000 - 0x00007ffe298ba000 	C:\WINDOWS\SYSTEM32\WINHTTP.dll
0x00007ffe2e690000 - 0x00007ffe2e6fa000 	C:\WINDOWS\system32\mswsock.dll
0x00007ffe1f140000 - 0x00007ffe1f154000 	C:\Program Files\Android\Android Studio\jre\bin\nio.dll
0x00007ffe22110000 - 0x00007ffe22137000 	C:\Users\Eddo Yulianda\.gradle\native\8bec1ad78214c89d9ad589b4d07fe93259594b29d510b10fafb7a158f7737e5d\windows-amd64\native-platform.dll
0x00007ffe17e40000 - 0x00007ffe17f7d000 	C:\Users\Eddo Yulianda\.gradle\native\53dbd7edfb1c66fb8903c78663c9afc45aea4f116125fa6feffd364cf09443e8\windows-amd64\native-platform-file-events.dll
0x00007ffe2aaf0000 - 0x00007ffe2aafa000 	C:\Program Files\Android\Android Studio\jre\bin\management.dll
0x00007ffe2a9b0000 - 0x00007ffe2a9bc000 	C:\Program Files\Android\Android Studio\jre\bin\management_ext.dll
0x00007ffe2e880000 - 0x00007ffe2e898000 	C:\WINDOWS\SYSTEM32\CRYPTSP.dll
0x00007ffe2e010000 - 0x00007ffe2e044000 	C:\WINDOWS\system32\rsaenh.dll
0x00007ffe2f200000 - 0x00007ffe2f227000 	C:\WINDOWS\System32\bcrypt.dll
0x00007ffe2ee30000 - 0x00007ffe2ee5e000 	C:\WINDOWS\SYSTEM32\USERENV.dll
0x00007ffe2e8a0000 - 0x00007ffe2e8ac000 	C:\WINDOWS\SYSTEM32\CRYPTBASE.dll
0x00007ffe2e380000 - 0x00007ffe2e3bb000 	C:\WINDOWS\SYSTEM32\IPHLPAPI.DLL
0x00007ffe317c0000 - 0x00007ffe317c8000 	C:\WINDOWS\System32\NSI.dll
0x00007ffe26d70000 - 0x00007ffe26d87000 	C:\WINDOWS\SYSTEM32\dhcpcsvc6.DLL
0x00007ffe27250000 - 0x00007ffe2726d000 	C:\WINDOWS\SYSTEM32\dhcpcsvc.DLL
0x00007ffe2e3c0000 - 0x00007ffe2e48b000 	C:\WINDOWS\SYSTEM32\DNSAPI.dll
0x00007ffe177d0000 - 0x00007ffe177f7000 	C:\Program Files\Android\Android Studio\jre\bin\sunec.dll
0x00007ffe206b0000 - 0x00007ffe206ba000 	C:\Windows\System32\rasadhlp.dll
0x00007ffe21790000 - 0x00007ffe2180f000 	C:\WINDOWS\System32\fwpuclnt.dll

dbghelp: loaded successfully - version: 4.0.5 - missing functions: none
symbol engine: initialized successfully - sym options: 0x614 - pdb path: .;C:\Program Files\Android\Android Studio\jre\bin;C:\WINDOWS\SYSTEM32;C:\WINDOWS\WinSxS\amd64_microsoft.windows.common-controls_6595b64144ccf1df_6.0.19041.1110_none_60b5254171f9507e;C:\Program Files\Android\Android Studio\jre\bin\server;C:\Users\Eddo Yulianda\.gradle\native\8bec1ad78214c89d9ad589b4d07fe93259594b29d510b10fafb7a158f7737e5d\windows-amd64;C:\Users\Eddo Yulianda\.gradle\native\53dbd7edfb1c66fb8903c78663c9afc45aea4f116125fa6feffd364cf09443e8\windows-amd64

VM Arguments:
jvm_args: --add-opens=java.base/java.util=ALL-UNNAMED --add-opens=java.base/java.lang=ALL-UNNAMED --add-opens=java.base/java.lang.invoke=ALL-UNNAMED --add-opens=java.base/java.util=ALL-UNNAMED --add-opens=java.prefs/java.util.prefs=ALL-UNNAMED --add-opens=java.prefs/java.util.prefs=ALL-UNNAMED --add-opens=java.base/java.nio.charset=ALL-UNNAMED --add-opens=java.base/java.net=ALL-UNNAMED --add-opens=java.base/java.util.concurrent.atomic=ALL-UNNAMED -Xmx2048m -Dfile.encoding=UTF-8 -Duser.country=GB -Duser.language=en -Duser.variant 
java_command: org.gradle.launcher.daemon.bootstrap.GradleDaemon 7.0.2
java_class_path (initial): C:\Users\Eddo Yulianda\.gradle\wrapper\dists\gradle-7.0.2-bin\857tjihv64xamwrf0h14cai3r\gradle-7.0.2\lib\gradle-launcher-7.0.2.jar
Launcher Type: SUN_STANDARD

[Global flags]
     intx CICompilerCount                          = 3                                         {product} {ergonomic}
     uint ConcGCThreads                            = 1                                         {product} {ergonomic}
     uint G1ConcRefinementThreads                  = 4                                         {product} {ergonomic}
   size_t G1HeapRegionSize                         = 1048576                                   {product} {ergonomic}
    uintx GCDrainStackTargetSize                   = 64                                        {product} {ergonomic}
   size_t InitialHeapSize                          = 132120576                                 {product} {ergonomic}
   size_t MarkStackSize                            = 4194304                                   {product} {ergonomic}
   size_t MaxHeapSize                              = 2147483648                                {product} {command line}
   size_t MaxNewSize                               = 1287651328                                {product} {ergonomic}
   size_t MinHeapDeltaBytes                        = 1048576                                   {product} {ergonomic}
    uintx NonNMethodCodeHeapSize                   = 5830732                                {pd product} {ergonomic}
    uintx NonProfiledCodeHeapSize                  = 122913754                              {pd product} {ergonomic}
    uintx ProfiledCodeHeapSize                     = 122913754                              {pd product} {ergonomic}
    uintx ReservedCodeCacheSize                    = 251658240                              {pd product} {ergonomic}
     bool SegmentedCodeCache                       = true                                      {product} {ergonomic}
     bool UseCompressedClassPointers               = true                                 {lp64_product} {ergonomic}
     bool UseCompressedOops                        = true                                 {lp64_product} {ergonomic}
     bool UseG1GC                                  = true                                      {product} {ergonomic}
     bool UseLargePagesIndividualAllocation        = false                                  {pd product} {ergonomic}

Logging:
Log output configuration:
 #0: stdout all=warning uptime,level,tags
 #1: stderr all=off uptime,level,tags

Environment Variables:
PATH=C:\WINDOWS\system32;C:\WINDOWS;C:\WINDOWS\System32\Wbem;C:\WINDOWS\System32\WindowsPowerShell\v1.0\;C:\WINDOWS\System32\OpenSSH\;C:\Program Files (x86)\Intel\OpenCL SDK\2.0\bin\x86;C:\Program Files (x86)\Intel\OpenCL SDK\2.0\bin\x64;C:\Program Files\dotnet\;C:\ProgramData\ComposerSetup\bin;C:\xampp2\php;C:\Program Files\Microsoft SQL Server\130\Tools\Binn\;C:\Program Files\Microsoft SQL Server\Client SDK\ODBC\170\Tools\Binn\;C:\Program Files (x86)\dotnet\;C:\Program Files\Microsoft VS Code\bin;C:\Program Files\Git\cmd;C:\Program Files\MySQL\MySQL Shell 8.0\bin\;C:\Users\Eddo Yulianda\AppData\Local\Microsoft\WindowsApps;C:\Users\Eddo Yulianda\.dotnet\tools;C:\Users\Eddo Yulianda\AppData\Roaming\Composer\vendor\bin;C:\Users\Eddo Yulianda\AppData\Local\GitHubDesktop\bin
USERNAME=Eddo Yulianda
OS=Windows_NT
PROCESSOR_IDENTIFIER=Intel64 Family 6 Model 42 Stepping 7, GenuineIntel



---------------  S Y S T E M  ---------------

OS: Windows 10 , 64 bit Build 19041 (10.0.19041.1645)
OS uptime: 0 days 4:02 hours

CPU:total 4 (initial active 4) (2 cores per cpu, 2 threads per core) family 6 model 42 stepping 7 microcode 0x2f, cmov, cx8, fxsr, mmx, sse, sse2, sse3, ssse3, sse4.1, sse4.2, popcnt, avx, aes, clmul, ht, tsc, tscinvbit

Memory: 4k page, system-wide physical 8038M (396M free)
TotalPageFile size 8038M (AvailPageFile size 5M)
current process WorkingSet (physical memory assigned to process): 530M, peak: 553M
current process commit charge ("private bytes"): 561M, peak: 585M

vm_info: OpenJDK 64-Bit Server VM (11.0.10+0-b96-7249189) for windows-amd64 JRE (11.0.10+0-b96-7249189), built on Mar 31 2021 21:44:00 by "builder" with MS VC++ 14.0 (VS2015)

END.
